# JRE version: Java(TM) SE Runtime Environment (8.0_25-b17) (build 1.8.0_25-b17)
# Java VM: Java HotSpot(TM) 64-Bit Server VM (25.25-b02 mixed mode linux-amd64 compressed oops)
Heap:
 PSYoungGen      total 27648K, used 19522K [0x00000000e1580000, 0x00000000e3400000, 0x0000000100000000)
  eden space 24064K, 66% used [0x00000000e1580000,0x00000000e25179d0,0x00000000e2d00000)
  from space 3584K, 99% used [0x00000000e2d00000,0x00000000e3078ff8,0x00000000e3080000)
  to   space 3584K, 0% used [0x00000000e3080000,0x00000000e3080000,0x00000000e3400000)
 ParOldGen       total 165888K, used 106068K [0x00000000a4000000, 0x00000000ae200000, 0x00000000e1580000)
  object space 165888K, 63% used [0x00000000a4000000,0x00000000aa7951d8,0x00000000ae200000)
 Metaspace       used 14301K, capacity 14500K, committed 14848K, reserved 1062912K
  class space    used 1618K, capacity 1698K, committed 1792K, reserved 1048576K
GC Heap History (6 events):
Event: 1,503 GC heap before
{Heap before GC invocations=1 (full 0):
 PSYoungGen      total 27648K, used 24064K [0x00000000e1580000, 0x00000000e3400000, 0x0000000100000000)
  eden space 24064K, 100% used [0x00000000e1580000,0x00000000e2d00000,0x00000000e2d00000)
  from space 3584K, 0% used [0x00000000e3080000,0x00000000e3080000,0x00000000e3400000)
  to   space 3584K, 0% used [0x00000000e2d00000,0x00000000e2d00000,0x00000000e3080000)
 ParOldGen       total 62976K, used 0K [0x00000000a4000000, 0x00000000a7d80000, 0x00000000e1580000)
  object space 62976K, 0% used [0x00000000a4000000,0x00000000a4000000,0x00000000a7d80000)
 Metaspace       used 7913K, capacity 8074K, committed 8320K, reserved 1056768K
  class space    used 877K, capacity 885K, committed 896K, reserved 1048576K
Event: 1,512 GC heap after
Heap after GC invocations=1 (full 0):
 PSYoungGen      total 27648K, used 3582K [0x00000000e1580000, 0x00000000e3400000, 0x0000000100000000)
  eden space 24064K, 0% used [0x00000000e1580000,0x00000000e1580000,0x00000000e2d00000)
  from space 3584K, 99% used [0x00000000e2d00000,0x00000000e307fb10,0x00000000e3080000)
  to   space 3584K, 0% used [0x00000000e3080000,0x00000000e3080000,0x00000000e3400000)
 ParOldGen       total 62976K, used 385K [0x00000000a4000000, 0x00000000a7d80000, 0x00000000e1580000)
  object space 62976K, 0% used [0x00000000a4000000,0x00000000a40604d0,0x00000000a7d80000)
 Metaspace       used 7913K, capacity 8074K, committed 8320K, reserved 1056768K
  class space    used 877K, capacity 885K, committed 896K, reserved 1048576K
}
Event: 2,762 GC heap before
{Heap before GC invocations=2 (full 0):
 PSYoungGen      total 27648K, used 27646K [0x00000000e1580000, 0x00000000e3400000, 0x0000000100000000)
  eden space 24064K, 100% used [0x00000000e1580000,0x00000000e2d00000,0x00000000e2d00000)
  from space 3584K, 99% used [0x00000000e2d00000,0x00000000e307fb10,0x00000000e3080000)
  to   space 3584K, 0% used [0x00000000e3080000,0x00000000e3080000,0x00000000e3400000)
 ParOldGen       total 62976K, used 385K [0x00000000a4000000, 0x00000000a7d80000, 0x00000000e1580000)
  object space 62976K, 0% used [0x00000000a4000000,0x00000000a40604d0,0x00000000a7d80000)
 Metaspace       used 11410K, capacity 11564K, committed 11648K, reserved 1058816K
  class space    used 1279K, capacity 1342K, committed 1408K, reserved 1048576K
Event: 2,770 GC heap after
Heap after GC invocations=2 (full 0):
 PSYoungGen      total 27648K, used 3569K [0x00000000e1580000, 0x00000000e3400000, 0x0000000100000000)
  eden space 24064K, 0% used [0x00000000e1580000,0x00000000e1580000,0x00000000e2d00000)
  from space 3584K, 99% used [0x00000000e3080000,0x00000000e33fc590,0x00000000e3400000)
  to   space 3584K, 0% used [0x00000000e2d00000,0x00000000e2d00000,0x00000000e3080000)
 ParOldGen       total 62976K, used 1815K [0x00000000a4000000, 0x00000000a7d80000, 0x00000000e1580000)
  object space 62976K, 2% used [0x00000000a4000000,0x00000000a41c5f60,0x00000000a7d80000)
 Metaspace       used 11410K, capacity 11564K, committed 11648K, reserved 1058816K
  class space    used 1279K, capacity 1342K, committed 1408K, reserved 1048576K
}
Event: 4,090 GC heap before
{Heap before GC invocations=3 (full 0):
 PSYoungGen      total 27648K, used 27633K [0x00000000e1580000, 0x00000000e3400000, 0x0000000100000000)
  eden space 24064K, 100% used [0x00000000e1580000,0x00000000e2d00000,0x00000000e2d00000)
  from space 3584K, 99% used [0x00000000e3080000,0x00000000e33fc590,0x00000000e3400000)
  to   space 3584K, 0% used [0x00000000e2d00000,0x00000000e2d00000,0x00000000e3080000)
 ParOldGen       total 62976K, used 1815K [0x00000000a4000000, 0x00000000a7d80000, 0x00000000e1580000)
  object space 62976K, 2% used [0x00000000a4000000,0x00000000a41c5f60,0x00000000a7d80000)
 Metaspace       used 13137K, capacity 13316K, committed 13696K, reserved 1060864K
  class space    used 1469K, capacity 1538K, committed 1664K, reserved 1048576K
Event: 4,100 GC heap after
Heap after GC invocations=3 (full 0):
 PSYoungGen      total 27648K, used 3555K [0x00000000e1580000, 0x00000000e3400000, 0x0000000100000000)
  eden space 24064K, 0% used [0x00000000e1580000,0x00000000e1580000,0x00000000e2d00000)
  from space 3584K, 99% used [0x00000000e2d00000,0x00000000e3078ff8,0x00000000e3080000)
  to   space 3584K, 0% used [0x00000000e3080000,0x00000000e3080000,0x00000000e3400000)
 ParOldGen       total 62976K, used 3668K [0x00000000a4000000, 0x00000000a7d80000, 0x00000000e1580000)
  object space 62976K, 5% used [0x00000000a4000000,0x00000000a43951c8,0x00000000a7d80000)
 Metaspace       used 13137K, capacity 13316K, committed 13696K, reserved 1060864K
  class space    used 1469K, capacity 1538K, committed 1664K, reserved 1048576K
}

